[35m[Appium][39m Welcome to Appium v1.22.3
[35m[Appium][39m Non-default server args:
[35m[Appium][39m   port: 7474
[35m[Appium][39m   loglevel: info
[35m[Appium][39m   tmpDir: C:\Users\arifm\AppData\Local\Temp\\Katalon\Appium\Temp1653781593591
[35m[Appium][39m   chromedriverPort: 7475
[35m[Appium][39m Deprecated server args:
[35m[Appium][39m   [31m--chromedriver-port[39m => --default-capabilities
[35m[Appium][39m Default capabilities, which will be added to each request unless overridden by desired capabilities:
[35m[Appium][39m   chromedriverPort: 7475
[35m[Appium][39m Appium REST http interface listener started on 0.0.0.0:7474
[35m[HTTP][39m [37m-->[39m [37mGET[39m [37m/wd/hub/status[39m
[35m[HTTP][39m [90m{}[39m
[35m[HTTP][39m [37m<-- GET /wd/hub/status [39m[32m200[39m [90m8 ms - 68[39m
[35m[HTTP][39m [90m[39m
[35m[HTTP][39m [37m-->[39m [37mGET[39m [37m/wd/hub/status[39m
[35m[HTTP][39m [90m{}[39m
[35m[HTTP][39m [37m<-- GET /wd/hub/status [39m[32m200[39m [90m1 ms - 68[39m
[35m[HTTP][39m [90m[39m
[35m[HTTP][39m [37m-->[39m [37mPOST[39m [37m/wd/hub/session[39m
[35m[HTTP][39m [90m{"desiredCapabilities":{"appActivity":".Settings","appPackage":"com.android.settings","newCommandTimeout":1800,"platformVersion":"11","automationName":"uiautomator2","autoGrantPermissions":true,"platformName":"Android","udid":"RR8N100EK2Y","deviceName":"samsung SM-A507FN (Android 11)","platform":"ANDROID","systemPort":8227},"capabilities":{"firstMatch":[{"appium:appActivity":".Settings","appium:appPackage":"com.android.settings","appium:autoGrantPermissions":true,"appium:automationName":"uiautomator2","appium:deviceName":"samsung SM-A507FN (Android 11)","appium:newCommandTimeout":1800,"platform":"ANDROID","platformName":"android","appium:platformVersion":"11","appium:systemPort":8227,"appium:udid":"RR8N100EK2Y"}]}}[39m
[35m[BaseDriver][39m The following capabilities are not standard capabilities and should have an extension prefix:
[35m[BaseDriver][39m   platform
[35m[BaseDriver][39m   chromedriverPort
[35m[Appium][39m Appium v1.22.3 creating new AndroidUiautomator2Driver (v1.70.1) session
[35m[BaseDriver][39m The following capabilities were provided, but are not recognized by Appium:
[35m[BaseDriver][39m   platform
[35m[BaseDriver][39m Session created with session id: 51b4ee09-055e-43ae-a4bd-ed4ca4267005
[35m[UiAutomator2][39m Starting 'com.android.settings' directly on the device
[35m[ADB][39m Found 2 'build-tools' folders under 'C:\Users\arifm\AppData\Local\Android\Sdk' (newest first):
[35m[ADB][39m     C:/Users/arifm/AppData/Local/Android/Sdk/build-tools/32.0.0
[35m[ADB][39m     C:/Users/arifm/AppData/Local/Android/Sdk/build-tools/30.0.3
[35m[ADB][39m Using 'adb.exe' from 'C:\Users\arifm\AppData\Local\Android\Sdk\platform-tools\adb.exe'
[35m[AndroidDriver][39m Retrieving device list
[35m[AndroidDriver][39m Using device: RR8N100EK2Y
[35m[ADB][39m Using 'adb.exe' from 'C:\Users\arifm\AppData\Local\Android\Sdk\platform-tools\adb.exe'
[35m[ADB][39m Getting device platform version
[35m[UiAutomator2][39m Relaxing hidden api policy
[35m[AndroidDriver][39m No app sent in, not parsing package/activity
[35m[ADB][39m Using 'apksigner.jar' from 'C:\Users\arifm\AppData\Local\Android\Sdk\build-tools\32.0.0\lib\apksigner.jar'
[35m[ADB][39m 'C:\Users\arifm\AppData\Roaming\npm\node_modules\appium\node_modules\appium-uiautomator2-server\apks\appium-uiautomator2-server-v4.27.0.apk' is signed with the default certificate
[35m[ADB][39m 'C:\Users\arifm\AppData\Roaming\npm\node_modules\appium\node_modules\appium-uiautomator2-server\apks\appium-uiautomator2-server-debug-androidTest.apk' is signed with the default certificate
[35m[UiAutomator2][39m Server packages are not going to be (re)installed
[35m[ADB][39m Adding packages ["io.appium.settings","io.appium.uiautomator2.server","io.appium.uiautomator2.server.test"] to Doze whitelist
[35m[ADB][39m com.android.settings contains no permissions available for granting
[35m[UiAutomator2][39m Starting UIAutomator2 server 4.27.0
[35m[UiAutomator2][39m Using UIAutomator2 server from 'C:\Users\arifm\AppData\Roaming\npm\node_modules\appium\node_modules\appium-uiautomator2-server\apks\appium-uiautomator2-server-v4.27.0.apk' and test from 'C:\Users\arifm\AppData\Roaming\npm\node_modules\appium\node_modules\appium-uiautomator2-server\apks\appium-uiautomator2-server-debug-androidTest.apk'
[35m[UiAutomator2][39m Waiting up to 30000ms for UiAutomator2 to be online...
[35m[WD Proxy][39m socket hang up
[35m[WD Proxy][39m socket hang up
[35m[WD Proxy][39m socket hang up
[35m[WD Proxy][39m socket hang up
[35m[WD Proxy][39m Determined the downstream protocol as 'W3C'
[35m[AndroidDriver][39m Screen already unlocked, doing nothing
[35m[UiAutomator2][39m Starting 'com.android.settings/.Settings and waiting for 'com.android.settings/.Settings'
[35m[Appium][39m New AndroidUiautomator2Driver session created successfully, session 51b4ee09-055e-43ae-a4bd-ed4ca4267005 added to master session list
[35m[HTTP][39m [37m<-- POST /wd/hub/session [39m[32m200[39m [90m14079 ms - 1158[39m
[35m[HTTP][39m [90m[39m
[35m[HTTP][39m [37m-->[39m [37mGET[39m [37m/wd/hub/session/51b4ee09-055e-43ae-a4bd-ed4ca4267005[39m
[35m[HTTP][39m [90m{}[39m
[35m[HTTP][39m [37m<-- GET /wd/hub/session/51b4ee09-055e-43ae-a4bd-ed4ca4267005 [39m[32m200[39m [90m17 ms - 1112[39m
[35m[HTTP][39m [90m[39m
[35m[HTTP][39m [37m-->[39m [37mGET[39m [37m/wd/hub/session/51b4ee09-055e-43ae-a4bd-ed4ca4267005[39m
[35m[HTTP][39m [90m{}[39m
[35m[HTTP][39m [37m<-- GET /wd/hub/session/51b4ee09-055e-43ae-a4bd-ed4ca4267005 [39m[32m200[39m [90m11 ms - 1112[39m
[35m[HTTP][39m [90m[39m
[35m[HTTP][39m [37m-->[39m [37mGET[39m [37m/wd/hub/status[39m
[35m[HTTP][39m [90m{}[39m
[35m[HTTP][39m [37m<-- GET /wd/hub/status [39m[32m200[39m [90m1 ms - 68[39m
[35m[HTTP][39m [90m[39m
[35m[HTTP][39m [37m-->[39m [37mPOST[39m [37m/wd/hub/session/51b4ee09-055e-43ae-a4bd-ed4ca4267005/timeouts[39m
[35m[HTTP][39m [90m{"implicit":60000}[39m
[35m[HTTP][39m [37m<-- POST /wd/hub/session/51b4ee09-055e-43ae-a4bd-ed4ca4267005/timeouts [39m[32m200[39m [90m5 ms - 14[39m
[35m[HTTP][39m [90m[39m
[35m[HTTP][39m [37m-->[39m [37mGET[39m [37m/wd/hub/session/51b4ee09-055e-43ae-a4bd-ed4ca4267005/screenshot[39m
[35m[HTTP][39m [90m{}[39m
[35m[HTTP][39m [37m<-- GET /wd/hub/session/51b4ee09-055e-43ae-a4bd-ed4ca4267005/screenshot [39m[32m200[39m [90m547 ms - 181014[39m
[35m[HTTP][39m [90m[39m
[35m[HTTP][39m [37m-->[39m [37mGET[39m [37m/wd/hub/session/51b4ee09-055e-43ae-a4bd-ed4ca4267005/window/rect[39m
[35m[HTTP][39m [90m{}[39m
[35m[HTTP][39m [37m<-- GET /wd/hub/session/51b4ee09-055e-43ae-a4bd-ed4ca4267005/window/rect [39m[32m200[39m [90m25 ms - 50[39m
[35m[HTTP][39m [90m[39m
[35m[HTTP][39m [37m-->[39m [37mGET[39m [37m/wd/hub/session/51b4ee09-055e-43ae-a4bd-ed4ca4267005/appium/device/system_bars[39m
[35m[HTTP][39m [90m{}[39m
[35m[HTTP][39m [37m<-- GET /wd/hub/session/51b4ee09-055e-43ae-a4bd-ed4ca4267005/appium/device/system_bars [39m[32m200[39m [90m171 ms - 148[39m
[35m[HTTP][39m [90m[39m
[35m[HTTP][39m [37m-->[39m [37mPOST[39m [37m/wd/hub/session/51b4ee09-055e-43ae-a4bd-ed4ca4267005/appium/device/activate_app[39m
[35m[HTTP][39m [90m{"bundleId":"com.ecwid.ShopAt.HappyDayShopping"}[39m
[35m[HTTP][39m [37m<-- POST /wd/hub/session/51b4ee09-055e-43ae-a4bd-ed4ca4267005/appium/device/activate_app [39m[32m200[39m [90m775 ms - 14[39m
[35m[HTTP][39m [90m[39m
[35m[HTTP][39m [37m-->[39m [37mGET[39m [37m/wd/hub/session/51b4ee09-055e-43ae-a4bd-ed4ca4267005/source[39m
[35m[HTTP][39m [90m{}[39m
[35m[W3C (51b4ee09)][39m Driver proxy active, passing request on via HTTP proxy
[35m[WD Proxy][39m Replacing sessionId eead2369-523e-4712-8a71-93e66a0ea352 with 51b4ee09-055e-43ae-a4bd-ed4ca4267005
[35m[HTTP][39m [37m<-- GET /wd/hub/session/51b4ee09-055e-43ae-a4bd-ed4ca4267005/source [39m[32m200[39m [90m1243 ms - 1921[39m
[35m[HTTP][39m [90m[39m
[35m[HTTP][39m [37m-->[39m [37mGET[39m [37m/wd/hub/session/51b4ee09-055e-43ae-a4bd-ed4ca4267005/screenshot[39m
[35m[HTTP][39m [90m{}[39m
[35m[HTTP][39m [37m<-- GET /wd/hub/session/51b4ee09-055e-43ae-a4bd-ed4ca4267005/screenshot [39m[32m200[39m [90m697 ms - 270366[39m
[35m[HTTP][39m [90m[39m
[35m[HTTP][39m [37m-->[39m [37mGET[39m [37m/wd/hub/session/51b4ee09-055e-43ae-a4bd-ed4ca4267005/source[39m
[35m[HTTP][39m [90m{}[39m
[35m[W3C (51b4ee09)][39m Driver proxy active, passing request on via HTTP proxy
[35m[WD Proxy][39m Replacing sessionId eead2369-523e-4712-8a71-93e66a0ea352 with 51b4ee09-055e-43ae-a4bd-ed4ca4267005
[35m[HTTP][39m [37m<-- GET /wd/hub/session/51b4ee09-055e-43ae-a4bd-ed4ca4267005/source [39m[32m200[39m [90m394 ms - 37224[39m
[35m[HTTP][39m [90m[39m
[35m[HTTP][39m [37m-->[39m [37mGET[39m [37m/wd/hub/session/51b4ee09-055e-43ae-a4bd-ed4ca4267005/screenshot[39m
[35m[HTTP][39m [90m{}[39m
[35m[HTTP][39m [37m<-- GET /wd/hub/session/51b4ee09-055e-43ae-a4bd-ed4ca4267005/screenshot [39m[32m200[39m [90m2163 ms - 1891196[39m
[35m[HTTP][39m [90m[39m
[35m[HTTP][39m [37m-->[39m [37mPOST[39m [37m/wd/hub/session/51b4ee09-055e-43ae-a4bd-ed4ca4267005/elements[39m
[35m[HTTP][39m [90m{"using":"xpath","value":"//*[@class = 'android.widget.TextView' and (@text = 'Flash Sale' or . = 'Flash Sale')]"}[39m
[35m[HTTP][39m [37m<-- POST /wd/hub/session/51b4ee09-055e-43ae-a4bd-ed4ca4267005/elements [39m[32m200[39m [90m794 ms - 139[39m
[35m[HTTP][39m [90m[39m
[35m[HTTP][39m [37m-->[39m [37mGET[39m [37m/wd/hub/session/51b4ee09-055e-43ae-a4bd-ed4ca4267005/window/rect[39m
[35m[HTTP][39m [90m{}[39m
[35m[HTTP][39m [37m<-- GET /wd/hub/session/51b4ee09-055e-43ae-a4bd-ed4ca4267005/window/rect [39m[32m200[39m [90m17 ms - 50[39m
[35m[HTTP][39m [90m[39m
[35m[HTTP][39m [37m-->[39m [37mPOST[39m [37m/wd/hub/session/51b4ee09-055e-43ae-a4bd-ed4ca4267005/elements[39m
[35m[HTTP][39m [90m{"using":"xpath","value":"//*[@class = 'android.widget.TextView' and (@text = 'Flash Sale' or . = 'Flash Sale')]"}[39m
[35m[HTTP][39m [37m<-- POST /wd/hub/session/51b4ee09-055e-43ae-a4bd-ed4ca4267005/elements [39m[32m200[39m [90m308 ms - 139[39m
[35m[HTTP][39m [90m[39m
[35m[HTTP][39m [37m-->[39m [37mGET[39m [37m/wd/hub/session/51b4ee09-055e-43ae-a4bd-ed4ca4267005/element/00000000-0000-08fe-ffff-ffff0000009a/location[39m
[35m[HTTP][39m [90m{}[39m
[35m[W3C (51b4ee09)][39m Driver proxy active, passing request on via HTTP proxy
[35m[WD Proxy][39m Replacing sessionId eead2369-523e-4712-8a71-93e66a0ea352 with 51b4ee09-055e-43ae-a4bd-ed4ca4267005
[35m[HTTP][39m [37m<-- GET /wd/hub/session/51b4ee09-055e-43ae-a4bd-ed4ca4267005/element/00000000-0000-08fe-ffff-ffff0000009a/location [39m[32m200[39m [90m27 ms - 79[39m
[35m[HTTP][39m [90m[39m
[35m[HTTP][39m [37m-->[39m [37mPOST[39m [37m/wd/hub/session/51b4ee09-055e-43ae-a4bd-ed4ca4267005/element/00000000-0000-08fe-ffff-ffff0000009a/click[39m
[35m[HTTP][39m [90m{"id":"00000000-0000-08fe-ffff-ffff0000009a"}[39m
[35m[HTTP][39m [37m<-- POST /wd/hub/session/51b4ee09-055e-43ae-a4bd-ed4ca4267005/element/00000000-0000-08fe-ffff-ffff0000009a/click [39m[32m200[39m [90m119 ms - 14[39m
[35m[HTTP][39m [90m[39m
[35m[HTTP][39m [37m-->[39m [37mGET[39m [37m/wd/hub/session/51b4ee09-055e-43ae-a4bd-ed4ca4267005/source[39m
[35m[HTTP][39m [90m{}[39m
[35m[W3C (51b4ee09)][39m Driver proxy active, passing request on via HTTP proxy
[35m[WD Proxy][39m Replacing sessionId eead2369-523e-4712-8a71-93e66a0ea352 with 51b4ee09-055e-43ae-a4bd-ed4ca4267005
[35m[HTTP][39m [37m<-- GET /wd/hub/session/51b4ee09-055e-43ae-a4bd-ed4ca4267005/source [39m[32m200[39m [90m845 ms - 24838[39m
[35m[HTTP][39m [90m[39m
[35m[HTTP][39m [37m-->[39m [37mGET[39m [37m/wd/hub/session/51b4ee09-055e-43ae-a4bd-ed4ca4267005/screenshot[39m
[35m[HTTP][39m [90m{}[39m
[35m[HTTP][39m [37m<-- GET /wd/hub/session/51b4ee09-055e-43ae-a4bd-ed4ca4267005/screenshot [39m[32m200[39m [90m785 ms - 69424[39m
[35m[HTTP][39m [90m[39m
[35m[HTTP][39m [37m-->[39m [37mGET[39m [37m/wd/hub/session/51b4ee09-055e-43ae-a4bd-ed4ca4267005/source[39m
[35m[HTTP][39m [90m{}[39m
[35m[W3C (51b4ee09)][39m Driver proxy active, passing request on via HTTP proxy
[35m[WD Proxy][39m Replacing sessionId eead2369-523e-4712-8a71-93e66a0ea352 with 51b4ee09-055e-43ae-a4bd-ed4ca4267005
[35m[HTTP][39m [37m<-- GET /wd/hub/session/51b4ee09-055e-43ae-a4bd-ed4ca4267005/source [39m[32m200[39m [90m375 ms - 41303[39m
[35m[HTTP][39m [90m[39m
[35m[HTTP][39m [37m-->[39m [37mGET[39m [37m/wd/hub/session/51b4ee09-055e-43ae-a4bd-ed4ca4267005/screenshot[39m
[35m[HTTP][39m [90m{}[39m
[35m[HTTP][39m [37m<-- GET /wd/hub/session/51b4ee09-055e-43ae-a4bd-ed4ca4267005/screenshot [39m[32m200[39m [90m1594 ms - 1567312[39m
[35m[HTTP][39m [90m[39m
[35m[HTTP][39m [37m-->[39m [37mPOST[39m [37m/wd/hub/session/51b4ee09-055e-43ae-a4bd-ed4ca4267005/elements[39m
[35m[HTTP][39m [90m{"using":"xpath","value":"//*[@class = 'android.widget.TextView' and (@text = 'Anlene Chocolate 980g' or . = 'Anlene Chocolate 980g')]"}[39m
[35m[HTTP][39m [37m<-- POST /wd/hub/session/51b4ee09-055e-43ae-a4bd-ed4ca4267005/elements [39m[32m200[39m [90m472 ms - 139[39m
[35m[HTTP][39m [90m[39m
[35m[HTTP][39m [37m-->[39m [37mGET[39m [37m/wd/hub/session/51b4ee09-055e-43ae-a4bd-ed4ca4267005/window/rect[39m
[35m[HTTP][39m [90m{}[39m
[35m[HTTP][39m [37m<-- GET /wd/hub/session/51b4ee09-055e-43ae-a4bd-ed4ca4267005/window/rect [39m[32m200[39m [90m22 ms - 50[39m
[35m[HTTP][39m [90m[39m
[35m[HTTP][39m [37m-->[39m [37mPOST[39m [37m/wd/hub/session/51b4ee09-055e-43ae-a4bd-ed4ca4267005/elements[39m
[35m[HTTP][39m [90m{"using":"xpath","value":"//*[@class = 'android.widget.TextView' and (@text = 'Anlene Chocolate 980g' or . = 'Anlene Chocolate 980g')]"}[39m
[35m[HTTP][39m [37m<-- POST /wd/hub/session/51b4ee09-055e-43ae-a4bd-ed4ca4267005/elements [39m[32m200[39m [90m455 ms - 139[39m
[35m[HTTP][39m [90m[39m
[35m[HTTP][39m [37m-->[39m [37mGET[39m [37m/wd/hub/session/51b4ee09-055e-43ae-a4bd-ed4ca4267005/element/00000000-0000-08fe-ffff-ffff00000153/location[39m
[35m[HTTP][39m [90m{}[39m
[35m[W3C (51b4ee09)][39m Driver proxy active, passing request on via HTTP proxy
[35m[WD Proxy][39m Replacing sessionId eead2369-523e-4712-8a71-93e66a0ea352 with 51b4ee09-055e-43ae-a4bd-ed4ca4267005
[35m[HTTP][39m [37m<-- GET /wd/hub/session/51b4ee09-055e-43ae-a4bd-ed4ca4267005/element/00000000-0000-08fe-ffff-ffff00000153/location [39m[32m200[39m [90m31 ms - 77[39m
[35m[HTTP][39m [90m[39m
[35m[HTTP][39m [37m-->[39m [37mPOST[39m [37m/wd/hub/session/51b4ee09-055e-43ae-a4bd-ed4ca4267005/element/00000000-0000-08fe-ffff-ffff00000153/click[39m
[35m[HTTP][39m [90m{"id":"00000000-0000-08fe-ffff-ffff00000153"}[39m
[35m[HTTP][39m [37m<-- POST /wd/hub/session/51b4ee09-055e-43ae-a4bd-ed4ca4267005/element/00000000-0000-08fe-ffff-ffff00000153/click [39m[32m200[39m [90m149 ms - 14[39m
[35m[HTTP][39m [90m[39m
[35m[HTTP][39m [37m-->[39m [37mGET[39m [37m/wd/hub/session/51b4ee09-055e-43ae-a4bd-ed4ca4267005/source[39m
[35m[HTTP][39m [90m{}[39m
[35m[W3C (51b4ee09)][39m Driver proxy active, passing request on via HTTP proxy
[35m[WD Proxy][39m Replacing sessionId eead2369-523e-4712-8a71-93e66a0ea352 with 51b4ee09-055e-43ae-a4bd-ed4ca4267005
[35m[HTTP][39m [37m<-- GET /wd/hub/session/51b4ee09-055e-43ae-a4bd-ed4ca4267005/source [39m[32m200[39m [90m1034 ms - 24847[39m
[35m[HTTP][39m [90m[39m
[35m[HTTP][39m [37m-->[39m [37mGET[39m [37m/wd/hub/session/51b4ee09-055e-43ae-a4bd-ed4ca4267005/screenshot[39m
[35m[HTTP][39m [90m{}[39m
[35m[HTTP][39m [37m<-- GET /wd/hub/session/51b4ee09-055e-43ae-a4bd-ed4ca4267005/screenshot [39m[32m200[39m [90m1420 ms - 1111422[39m
[35m[HTTP][39m [90m[39m
[35m[HTTP][39m [37m-->[39m [37mPOST[39m [37m/wd/hub/session/51b4ee09-055e-43ae-a4bd-ed4ca4267005/elements[39m
[35m[HTTP][39m [90m{"using":"xpath","value":"//*[@class = 'android.widget.EditText' and (@text = '1' or . = '1')]"}[39m
[35m[HTTP][39m [37m<-- POST /wd/hub/session/51b4ee09-055e-43ae-a4bd-ed4ca4267005/elements [39m[32m200[39m [90m333 ms - 139[39m
[35m[HTTP][39m [90m[39m
[35m[HTTP][39m [37m-->[39m [37mGET[39m [37m/wd/hub/session/51b4ee09-055e-43ae-a4bd-ed4ca4267005/window/rect[39m
[35m[HTTP][39m [90m{}[39m
[35m[HTTP][39m [37m<-- GET /wd/hub/session/51b4ee09-055e-43ae-a4bd-ed4ca4267005/window/rect [39m[32m200[39m [90m16 ms - 50[39m
[35m[HTTP][39m [90m[39m
[35m[HTTP][39m [37m-->[39m [37mPOST[39m [37m/wd/hub/session/51b4ee09-055e-43ae-a4bd-ed4ca4267005/elements[39m
[35m[HTTP][39m [90m{"using":"xpath","value":"//*[@class = 'android.widget.EditText' and (@text = '1' or . = '1')]"}[39m
[35m[HTTP][39m [37m<-- POST /wd/hub/session/51b4ee09-055e-43ae-a4bd-ed4ca4267005/elements [39m[32m200[39m [90m288 ms - 139[39m
[35m[HTTP][39m [90m[39m
[35m[HTTP][39m [37m-->[39m [37mGET[39m [37m/wd/hub/session/51b4ee09-055e-43ae-a4bd-ed4ca4267005/element/00000000-0000-08fe-ffff-ffff0000019a/location[39m
[35m[HTTP][39m [90m{}[39m
[35m[W3C (51b4ee09)][39m Driver proxy active, passing request on via HTTP proxy
[35m[WD Proxy][39m Replacing sessionId eead2369-523e-4712-8a71-93e66a0ea352 with 51b4ee09-055e-43ae-a4bd-ed4ca4267005
[35m[HTTP][39m [37m<-- GET /wd/hub/session/51b4ee09-055e-43ae-a4bd-ed4ca4267005/element/00000000-0000-08fe-ffff-ffff0000019a/location [39m[32m200[39m [90m27 ms - 79[39m
[35m[HTTP][39m [90m[39m
[35m[HTTP][39m [37m-->[39m [37mPOST[39m [37m/wd/hub/session/51b4ee09-055e-43ae-a4bd-ed4ca4267005/element/00000000-0000-08fe-ffff-ffff0000019a/clear[39m
[35m[HTTP][39m [90m{"id":"00000000-0000-08fe-ffff-ffff0000019a"}[39m
[35m[HTTP][39m [37m<-- POST /wd/hub/session/51b4ee09-055e-43ae-a4bd-ed4ca4267005/element/00000000-0000-08fe-ffff-ffff0000019a/clear [39m[32m200[39m [90m46 ms - 14[39m
[35m[HTTP][39m [90m[39m
[35m[HTTP][39m [37m-->[39m [37mPOST[39m [37m/wd/hub/session/51b4ee09-055e-43ae-a4bd-ed4ca4267005/element/00000000-0000-08fe-ffff-ffff0000019a/value[39m
[35m[HTTP][39m [90m{"id":"00000000-0000-08fe-ffff-ffff0000019a","text":"5","value":["5"]}[39m
[35m[HTTP][39m [37m<-- POST /wd/hub/session/51b4ee09-055e-43ae-a4bd-ed4ca4267005/element/00000000-0000-08fe-ffff-ffff0000019a/value [39m[32m200[39m [90m663 ms - 14[39m
[35m[HTTP][39m [90m[39m
[35m[HTTP][39m [37m-->[39m [37mGET[39m [37m/wd/hub/session/51b4ee09-055e-43ae-a4bd-ed4ca4267005/source[39m
[35m[HTTP][39m [90m{}[39m
[35m[W3C (51b4ee09)][39m Driver proxy active, passing request on via HTTP proxy
[35m[WD Proxy][39m Replacing sessionId eead2369-523e-4712-8a71-93e66a0ea352 with 51b4ee09-055e-43ae-a4bd-ed4ca4267005
[35m[HTTP][39m [37m<-- GET /wd/hub/session/51b4ee09-055e-43ae-a4bd-ed4ca4267005/source [39m[32m200[39m [90m245 ms - 24847[39m
[35m[HTTP][39m [90m[39m
[35m[HTTP][39m [37m-->[39m [37mGET[39m [37m/wd/hub/session/51b4ee09-055e-43ae-a4bd-ed4ca4267005/screenshot[39m
[35m[HTTP][39m [90m{}[39m
[35m[HTTP][39m [37m<-- GET /wd/hub/session/51b4ee09-055e-43ae-a4bd-ed4ca4267005/screenshot [39m[32m200[39m [90m1453 ms - 1112142[39m
[35m[HTTP][39m [90m[39m
[35m[HTTP][39m [37m-->[39m [37mPOST[39m [37m/wd/hub/session/51b4ee09-055e-43ae-a4bd-ed4ca4267005/elements[39m
[35m[HTTP][39m [90m{"using":"xpath","value":"//*[@class = 'android.widget.TextView' and (@text = 'Add to Bag' or . = 'Add to Bag')]"}[39m
[35m[HTTP][39m [37m<-- POST /wd/hub/session/51b4ee09-055e-43ae-a4bd-ed4ca4267005/elements [39m[32m200[39m [90m213 ms - 139[39m
[35m[HTTP][39m [90m[39m
[35m[HTTP][39m [37m-->[39m [37mGET[39m [37m/wd/hub/session/51b4ee09-055e-43ae-a4bd-ed4ca4267005/window/rect[39m
[35m[HTTP][39m [90m{}[39m
[35m[HTTP][39m [37m<-- GET /wd/hub/session/51b4ee09-055e-43ae-a4bd-ed4ca4267005/window/rect [39m[32m200[39m [90m18 ms - 50[39m
[35m[HTTP][39m [90m[39m
[35m[HTTP][39m [37m-->[39m [37mPOST[39m [37m/wd/hub/session/51b4ee09-055e-43ae-a4bd-ed4ca4267005/elements[39m
[35m[HTTP][39m [90m{"using":"xpath","value":"//*[@class = 'android.widget.TextView' and (@text = 'Add to Bag' or . = 'Add to Bag')]"}[39m
[35m[HTTP][39m [37m<-- POST /wd/hub/session/51b4ee09-055e-43ae-a4bd-ed4ca4267005/elements [39m[32m200[39m [90m224 ms - 139[39m
[35m[HTTP][39m [90m[39m
[35m[HTTP][39m [37m-->[39m [37mGET[39m [37m/wd/hub/session/51b4ee09-055e-43ae-a4bd-ed4ca4267005/element/00000000-0000-08fe-ffff-ffff0000019c/location[39m
[35m[HTTP][39m [90m{}[39m
[35m[W3C (51b4ee09)][39m Driver proxy active, passing request on via HTTP proxy
[35m[WD Proxy][39m Replacing sessionId eead2369-523e-4712-8a71-93e66a0ea352 with 51b4ee09-055e-43ae-a4bd-ed4ca4267005
[35m[HTTP][39m [37m<-- GET /wd/hub/session/51b4ee09-055e-43ae-a4bd-ed4ca4267005/element/00000000-0000-08fe-ffff-ffff0000019c/location [39m[32m200[39m [90m29 ms - 78[39m
[35m[HTTP][39m [90m[39m
[35m[HTTP][39m [37m-->[39m [37mPOST[39m [37m/wd/hub/session/51b4ee09-055e-43ae-a4bd-ed4ca4267005/element/00000000-0000-08fe-ffff-ffff0000019c/click[39m
[35m[HTTP][39m [90m{"id":"00000000-0000-08fe-ffff-ffff0000019c"}[39m
[35m[HTTP][39m [37m<-- POST /wd/hub/session/51b4ee09-055e-43ae-a4bd-ed4ca4267005/element/00000000-0000-08fe-ffff-ffff0000019c/click [39m[32m200[39m [90m69 ms - 14[39m
[35m[HTTP][39m [90m[39m
[35m[HTTP][39m [37m-->[39m [37mGET[39m [37m/wd/hub/session/51b4ee09-055e-43ae-a4bd-ed4ca4267005/source[39m
[35m[HTTP][39m [90m{}[39m
[35m[W3C (51b4ee09)][39m Driver proxy active, passing request on via HTTP proxy
[35m[WD Proxy][39m Replacing sessionId eead2369-523e-4712-8a71-93e66a0ea352 with 51b4ee09-055e-43ae-a4bd-ed4ca4267005
[35m[HTTP][39m [37m<-- GET /wd/hub/session/51b4ee09-055e-43ae-a4bd-ed4ca4267005/source [39m[32m200[39m [90m2100 ms - 25701[39m
[35m[HTTP][39m [90m[39m
[35m[HTTP][39m [37m-->[39m [37mGET[39m [37m/wd/hub/session/51b4ee09-055e-43ae-a4bd-ed4ca4267005/screenshot[39m
[35m[HTTP][39m [90m{}[39m
[35m[HTTP][39m [37m<-- GET /wd/hub/session/51b4ee09-055e-43ae-a4bd-ed4ca4267005/screenshot [39m[32m200[39m [90m1613 ms - 1113150[39m
[35m[HTTP][39m [90m[39m
[35m[HTTP][39m [37m-->[39m [37mGET[39m [37m/wd/hub/session/51b4ee09-055e-43ae-a4bd-ed4ca4267005/source[39m
[35m[HTTP][39m [90m{}[39m
[35m[W3C (51b4ee09)][39m Driver proxy active, passing request on via HTTP proxy
[35m[WD Proxy][39m Replacing sessionId eead2369-523e-4712-8a71-93e66a0ea352 with 51b4ee09-055e-43ae-a4bd-ed4ca4267005
[35m[HTTP][39m [37m<-- GET /wd/hub/session/51b4ee09-055e-43ae-a4bd-ed4ca4267005/source [39m[32m200[39m [90m309 ms - 25701[39m
[35m[HTTP][39m [90m[39m
[35m[HTTP][39m [37m-->[39m [37mGET[39m [37m/wd/hub/session/51b4ee09-055e-43ae-a4bd-ed4ca4267005/screenshot[39m
[35m[HTTP][39m [90m{}[39m
[35m[HTTP][39m [37m<-- GET /wd/hub/session/51b4ee09-055e-43ae-a4bd-ed4ca4267005/screenshot [39m[32m200[39m [90m1555 ms - 1112428[39m
[35m[HTTP][39m [90m[39m
[35m[HTTP][39m [37m-->[39m [37mPOST[39m [37m/wd/hub/session/51b4ee09-055e-43ae-a4bd-ed4ca4267005/elements[39m
[35m[HTTP][39m [90m{"using":"xpath","value":"//*[@class = 'android.widget.TextView' and (@text = 'Your Bag' or . = 'Your Bag')]"}[39m
[35m[HTTP][39m [37m<-- POST /wd/hub/session/51b4ee09-055e-43ae-a4bd-ed4ca4267005/elements [39m[32m200[39m [90m293 ms - 139[39m
[35m[HTTP][39m [90m[39m
[35m[HTTP][39m [37m-->[39m [37mGET[39m [37m/wd/hub/session/51b4ee09-055e-43ae-a4bd-ed4ca4267005/window/rect[39m
[35m[HTTP][39m [90m{}[39m
[35m[HTTP][39m [37m<-- GET /wd/hub/session/51b4ee09-055e-43ae-a4bd-ed4ca4267005/window/rect [39m[32m200[39m [90m18 ms - 50[39m
[35m[HTTP][39m [90m[39m
[35m[HTTP][39m [37m-->[39m [37mPOST[39m [37m/wd/hub/session/51b4ee09-055e-43ae-a4bd-ed4ca4267005/elements[39m
[35m[HTTP][39m [90m{"using":"xpath","value":"//*[@class = 'android.widget.TextView' and (@text = 'Your Bag' or . = 'Your Bag')]"}[39m
[35m[HTTP][39m [37m<-- POST /wd/hub/session/51b4ee09-055e-43ae-a4bd-ed4ca4267005/elements [39m[32m200[39m [90m258 ms - 139[39m
[35m[HTTP][39m [90m[39m
[35m[HTTP][39m [37m-->[39m [37mGET[39m [37m/wd/hub/session/51b4ee09-055e-43ae-a4bd-ed4ca4267005/element/00000000-0000-08fe-ffff-ffff00000069/location[39m
[35m[HTTP][39m [90m{}[39m
[35m[W3C (51b4ee09)][39m Driver proxy active, passing request on via HTTP proxy
[35m[WD Proxy][39m Replacing sessionId eead2369-523e-4712-8a71-93e66a0ea352 with 51b4ee09-055e-43ae-a4bd-ed4ca4267005
[35m[HTTP][39m [37m<-- GET /wd/hub/session/51b4ee09-055e-43ae-a4bd-ed4ca4267005/element/00000000-0000-08fe-ffff-ffff00000069/location [39m[32m200[39m [90m39 ms - 79[39m
[35m[HTTP][39m [90m[39m
[35m[HTTP][39m [37m-->[39m [37mPOST[39m [37m/wd/hub/session/51b4ee09-055e-43ae-a4bd-ed4ca4267005/elements[39m
[35m[HTTP][39m [90m{"using":"xpath","value":"//*[@class = 'android.widget.TextView' and (@text = 'Your Bag' or . = 'Your Bag')]"}[39m
[35m[HTTP][39m [37m<-- POST /wd/hub/session/51b4ee09-055e-43ae-a4bd-ed4ca4267005/elements [39m[32m200[39m [90m293 ms - 139[39m
[35m[HTTP][39m [90m[39m
[35m[HTTP][39m [37m-->[39m [37mGET[39m [37m/wd/hub/session/51b4ee09-055e-43ae-a4bd-ed4ca4267005/element/00000000-0000-08fe-ffff-ffff00000069/location[39m
[35m[HTTP][39m [90m{}[39m
[35m[W3C (51b4ee09)][39m Driver proxy active, passing request on via HTTP proxy
[35m[WD Proxy][39m Replacing sessionId eead2369-523e-4712-8a71-93e66a0ea352 with 51b4ee09-055e-43ae-a4bd-ed4ca4267005
[35m[HTTP][39m [37m<-- GET /wd/hub/session/51b4ee09-055e-43ae-a4bd-ed4ca4267005/element/00000000-0000-08fe-ffff-ffff00000069/location [39m[32m200[39m [90m33 ms - 79[39m
[35m[HTTP][39m [90m[39m
[35m[HTTP][39m [37m-->[39m [37mPOST[39m [37m/wd/hub/session/51b4ee09-055e-43ae-a4bd-ed4ca4267005/elements[39m
[35m[HTTP][39m [90m{"using":"xpath","value":"//*[@class = 'android.widget.TextView' and (@text = 'Your Bag' or . = 'Your Bag')]"}[39m
[35m[HTTP][39m [37m<-- POST /wd/hub/session/51b4ee09-055e-43ae-a4bd-ed4ca4267005/elements [39m[32m200[39m [90m238 ms - 139[39m
[35m[HTTP][39m [90m[39m
[35m[HTTP][39m [37m-->[39m [37mGET[39m [37m/wd/hub/session/51b4ee09-055e-43ae-a4bd-ed4ca4267005/element/00000000-0000-08fe-ffff-ffff00000069/location[39m
[35m[HTTP][39m [90m{}[39m
[35m[W3C (51b4ee09)][39m Driver proxy active, passing request on via HTTP proxy
[35m[WD Proxy][39m Replacing sessionId eead2369-523e-4712-8a71-93e66a0ea352 with 51b4ee09-055e-43ae-a4bd-ed4ca4267005
[35m[HTTP][39m [37m<-- GET /wd/hub/session/51b4ee09-055e-43ae-a4bd-ed4ca4267005/element/00000000-0000-08fe-ffff-ffff00000069/location [39m[32m200[39m [90m34 ms - 79[39m
[35m[HTTP][39m [90m[39m
[35m[HTTP][39m [37m-->[39m [37mPOST[39m [37m/wd/hub/session/51b4ee09-055e-43ae-a4bd-ed4ca4267005/elements[39m
[35m[HTTP][39m [90m{"using":"xpath","value":"//*[@class = 'android.widget.TextView' and (@text = 'Your Bag' or . = 'Your Bag')]"}[39m
[35m[HTTP][39m [37m<-- POST /wd/hub/session/51b4ee09-055e-43ae-a4bd-ed4ca4267005/elements [39m[32m200[39m [90m253 ms - 139[39m
[35m[HTTP][39m [90m[39m
[35m[HTTP][39m [37m-->[39m [37mGET[39m [37m/wd/hub/session/51b4ee09-055e-43ae-a4bd-ed4ca4267005/element/00000000-0000-08fe-ffff-ffff00000069/location[39m
[35m[HTTP][39m [90m{}[39m
[35m[W3C (51b4ee09)][39m Driver proxy active, passing request on via HTTP proxy
[35m[WD Proxy][39m Replacing sessionId eead2369-523e-4712-8a71-93e66a0ea352 with 51b4ee09-055e-43ae-a4bd-ed4ca4267005
[35m[HTTP][39m [37m<-- GET /wd/hub/session/51b4ee09-055e-43ae-a4bd-ed4ca4267005/element/00000000-0000-08fe-ffff-ffff00000069/location [39m[32m200[39m [90m33 ms - 79[39m
[35m[HTTP][39m [90m[39m
[35m[HTTP][39m [37m-->[39m [37mPOST[39m [37m/wd/hub/session/51b4ee09-055e-43ae-a4bd-ed4ca4267005/elements[39m
[35m[HTTP][39m [90m{"using":"xpath","value":"//*[@class = 'android.widget.TextView' and (@text = 'Your Bag' or . = 'Your Bag')]"}[39m
[35m[HTTP][39m [37m<-- POST /wd/hub/session/51b4ee09-055e-43ae-a4bd-ed4ca4267005/elements [39m[32m200[39m [90m265 ms - 139[39m
[35m[HTTP][39m [90m[39m
[35m[HTTP][39m [37m-->[39m [37mGET[39m [37m/wd/hub/session/51b4ee09-055e-43ae-a4bd-ed4ca4267005/element/00000000-0000-08fe-ffff-ffff00000069/location[39m
[35m[HTTP][39m [90m{}[39m
[35m[W3C (51b4ee09)][39m Driver proxy active, passing request on via HTTP proxy
[35m[WD Proxy][39m Replacing sessionId eead2369-523e-4712-8a71-93e66a0ea352 with 51b4ee09-055e-43ae-a4bd-ed4ca4267005
[35m[HTTP][39m [37m<-- GET /wd/hub/session/51b4ee09-055e-43ae-a4bd-ed4ca4267005/element/00000000-0000-08fe-ffff-ffff00000069/location [39m[32m200[39m [90m34 ms - 79[39m
[35m[HTTP][39m [90m[39m
[35m[HTTP][39m [37m-->[39m [37mPOST[39m [37m/wd/hub/session/51b4ee09-055e-43ae-a4bd-ed4ca4267005/elements[39m
[35m[HTTP][39m [90m{"using":"xpath","value":"//*[@class = 'android.widget.TextView' and (@text = 'Your Bag' or . = 'Your Bag')]"}[39m
[35m[HTTP][39m [37m<-- POST /wd/hub/session/51b4ee09-055e-43ae-a4bd-ed4ca4267005/elements [39m[32m200[39m [90m312 ms - 139[39m
[35m[HTTP][39m [90m[39m
[35m[HTTP][39m [37m-->[39m [37mGET[39m [37m/wd/hub/session/51b4ee09-055e-43ae-a4bd-ed4ca4267005/element/00000000-0000-08fe-ffff-ffff00000069/location[39m
[35m[HTTP][39m [90m{}[39m
[35m[W3C (51b4ee09)][39m Driver proxy active, passing request on via HTTP proxy
[35m[WD Proxy][39m Replacing sessionId eead2369-523e-4712-8a71-93e66a0ea352 with 51b4ee09-055e-43ae-a4bd-ed4ca4267005
[35m[HTTP][39m [37m<-- GET /wd/hub/session/51b4ee09-055e-43ae-a4bd-ed4ca4267005/element/00000000-0000-08fe-ffff-ffff00000069/location [39m[32m200[39m [90m30 ms - 79[39m
[35m[HTTP][39m [90m[39m
[35m[HTTP][39m [37m-->[39m [37mPOST[39m [37m/wd/hub/session/51b4ee09-055e-43ae-a4bd-ed4ca4267005/elements[39m
[35m[HTTP][39m [90m{"using":"xpath","value":"//*[@class = 'android.widget.TextView' and (@text = 'Your Bag' or . = 'Your Bag')]"}[39m
[35m[HTTP][39m [37m<-- POST /wd/hub/session/51b4ee09-055e-43ae-a4bd-ed4ca4267005/elements [39m[32m200[39m [90m275 ms - 139[39m
[35m[HTTP][39m [90m[39m
[35m[HTTP][39m [37m-->[39m [37mGET[39m [37m/wd/hub/session/51b4ee09-055e-43ae-a4bd-ed4ca4267005/element/00000000-0000-08fe-ffff-ffff00000069/location[39m
[35m[HTTP][39m [90m{}[39m
[35m[W3C (51b4ee09)][39m Driver proxy active, passing request on via HTTP proxy
[35m[WD Proxy][39m Replacing sessionId eead2369-523e-4712-8a71-93e66a0ea352 with 51b4ee09-055e-43ae-a4bd-ed4ca4267005
[35m[HTTP][39m [37m<-- GET /wd/hub/session/51b4ee09-055e-43ae-a4bd-ed4ca4267005/element/00000000-0000-08fe-ffff-ffff00000069/location [39m[32m200[39m [90m38 ms - 79[39m
[35m[HTTP][39m [90m[39m
[35m[HTTP][39m [37m-->[39m [37mPOST[39m [37m/wd/hub/session/51b4ee09-055e-43ae-a4bd-ed4ca4267005/elements[39m
[35m[HTTP][39m [90m{"using":"xpath","value":"//*[@class = 'android.widget.TextView' and (@text = 'Your Bag' or . = 'Your Bag')]"}[39m
[35m[HTTP][39m [37m<-- POST /wd/hub/session/51b4ee09-055e-43ae-a4bd-ed4ca4267005/elements [39m[32m200[39m [90m272 ms - 139[39m
[35m[HTTP][39m [90m[39m
[35m[HTTP][39m [37m-->[39m [37mGET[39m [37m/wd/hub/session/51b4ee09-055e-43ae-a4bd-ed4ca4267005/element/00000000-0000-08fe-ffff-ffff00000069/location[39m
[35m[HTTP][39m [90m{}[39m
[35m[W3C (51b4ee09)][39m Driver proxy active, passing request on via HTTP proxy
[35m[WD Proxy][39m Replacing sessionId eead2369-523e-4712-8a71-93e66a0ea352 with 51b4ee09-055e-43ae-a4bd-ed4ca4267005
[35m[HTTP][39m [37m<-- GET /wd/hub/session/51b4ee09-055e-43ae-a4bd-ed4ca4267005/element/00000000-0000-08fe-ffff-ffff00000069/location [39m[32m200[39m [90m31 ms - 79[39m
[35m[HTTP][39m [90m[39m
[35m[HTTP][39m [37m-->[39m [37mPOST[39m [37m/wd/hub/session/51b4ee09-055e-43ae-a4bd-ed4ca4267005/elements[39m
[35m[HTTP][39m [90m{"using":"xpath","value":"//*[@class = 'android.widget.TextView' and (@text = 'Your Bag' or . = 'Your Bag')]"}[39m
[35m[HTTP][39m [37m<-- POST /wd/hub/session/51b4ee09-055e-43ae-a4bd-ed4ca4267005/elements [39m[32m200[39m [90m257 ms - 139[39m
[35m[HTTP][39m [90m[39m
[35m[HTTP][39m [37m-->[39m [37mGET[39m [37m/wd/hub/session/51b4ee09-055e-43ae-a4bd-ed4ca4267005/element/00000000-0000-08fe-ffff-ffff00000069/location[39m
[35m[HTTP][39m [90m{}[39m
[35m[W3C (51b4ee09)][39m Driver proxy active, passing request on via HTTP proxy
[35m[WD Proxy][39m Replacing sessionId eead2369-523e-4712-8a71-93e66a0ea352 with 51b4ee09-055e-43ae-a4bd-ed4ca4267005
[35m[HTTP][39m [37m<-- GET /wd/hub/session/51b4ee09-055e-43ae-a4bd-ed4ca4267005/element/00000000-0000-08fe-ffff-ffff00000069/location [39m[32m200[39m [90m23 ms - 79[39m
[35m[HTTP][39m [90m[39m
[35m[HTTP][39m [37m-->[39m [37mPOST[39m [37m/wd/hub/session/51b4ee09-055e-43ae-a4bd-ed4ca4267005/elements[39m
[35m[HTTP][39m [90m{"using":"xpath","value":"//*[@class = 'android.widget.TextView' and (@text = 'Your Bag' or . = 'Your Bag')]"}[39m
[35m[HTTP][39m [37m<-- POST /wd/hub/session/51b4ee09-055e-43ae-a4bd-ed4ca4267005/elements [39m[32m200[39m [90m244 ms - 139[39m
[35m[HTTP][39m [90m[39m
[35m[HTTP][39m [37m-->[39m [37mGET[39m [37m/wd/hub/session/51b4ee09-055e-43ae-a4bd-ed4ca4267005/element/00000000-0000-08fe-ffff-ffff00000069/location[39m
[35m[HTTP][39m [90m{}[39m
[35m[W3C (51b4ee09)][39m Driver proxy active, passing request on via HTTP proxy
[35m[WD Proxy][39m Replacing sessionId eead2369-523e-4712-8a71-93e66a0ea352 with 51b4ee09-055e-43ae-a4bd-ed4ca4267005
[35m[HTTP][39m [37m<-- GET /wd/hub/session/51b4ee09-055e-43ae-a4bd-ed4ca4267005/element/00000000-0000-08fe-ffff-ffff00000069/location [39m[32m200[39m [90m36 ms - 79[39m
[35m[HTTP][39m [90m[39m
[35m[HTTP][39m [37m-->[39m [37mPOST[39m [37m/wd/hub/session/51b4ee09-055e-43ae-a4bd-ed4ca4267005/elements[39m
[35m[HTTP][39m [90m{"using":"xpath","value":"//*[@class = 'android.widget.TextView' and (@text = 'Your Bag' or . = 'Your Bag')]"}[39m
[35m[HTTP][39m [37m<-- POST /wd/hub/session/51b4ee09-055e-43ae-a4bd-ed4ca4267005/elements [39m[32m200[39m [90m255 ms - 139[39m
[35m[HTTP][39m [90m[39m
[35m[HTTP][39m [37m-->[39m [37mGET[39m [37m/wd/hub/session/51b4ee09-055e-43ae-a4bd-ed4ca4267005/element/00000000-0000-08fe-ffff-ffff00000069/location[39m
[35m[HTTP][39m [90m{}[39m
[35m[W3C (51b4ee09)][39m Driver proxy active, passing request on via HTTP proxy
[35m[WD Proxy][39m Replacing sessionId eead2369-523e-4712-8a71-93e66a0ea352 with 51b4ee09-055e-43ae-a4bd-ed4ca4267005
[35m[HTTP][39m [37m<-- GET /wd/hub/session/51b4ee09-055e-43ae-a4bd-ed4ca4267005/element/00000000-0000-08fe-ffff-ffff00000069/location [39m[32m200[39m [90m35 ms - 79[39m
[35m[HTTP][39m [90m[39m
[35m[HTTP][39m [37m-->[39m [37mPOST[39m [37m/wd/hub/session/51b4ee09-055e-43ae-a4bd-ed4ca4267005/elements[39m
[35m[HTTP][39m [90m{"using":"xpath","value":"//*[@class = 'android.widget.TextView' and (@text = 'Your Bag' or . = 'Your Bag')]"}[39m
[35m[HTTP][39m [37m<-- POST /wd/hub/session/51b4ee09-055e-43ae-a4bd-ed4ca4267005/elements [39m[32m200[39m [90m238 ms - 139[39m
[35m[HTTP][39m [90m[39m
[35m[HTTP][39m [37m-->[39m [37mGET[39m [37m/wd/hub/session/51b4ee09-055e-43ae-a4bd-ed4ca4267005/element/00000000-0000-08fe-ffff-ffff00000069/location[39m
[35m[HTTP][39m [90m{}[39m
[35m[W3C (51b4ee09)][39m Driver proxy active, passing request on via HTTP proxy
[35m[WD Proxy][39m Replacing sessionId eead2369-523e-4712-8a71-93e66a0ea352 with 51b4ee09-055e-43ae-a4bd-ed4ca4267005
[35m[HTTP][39m [37m<-- GET /wd/hub/session/51b4ee09-055e-43ae-a4bd-ed4ca4267005/element/00000000-0000-08fe-ffff-ffff00000069/location [39m[32m200[39m [90m40 ms - 79[39m
[35m[HTTP][39m [90m[39m
[35m[HTTP][39m [37m-->[39m [37mPOST[39m [37m/wd/hub/session/51b4ee09-055e-43ae-a4bd-ed4ca4267005/elements[39m
[35m[HTTP][39m [90m{"using":"xpath","value":"//*[@class = 'android.widget.TextView' and (@text = 'Your Bag' or . = 'Your Bag')]"}[39m
[35m[HTTP][39m [37m<-- POST /wd/hub/session/51b4ee09-055e-43ae-a4bd-ed4ca4267005/elements [39m[32m200[39m [90m314 ms - 139[39m
[35m[HTTP][39m [90m[39m
[35m[HTTP][39m [37m-->[39m [37mGET[39m [37m/wd/hub/session/51b4ee09-055e-43ae-a4bd-ed4ca4267005/element/00000000-0000-08fe-ffff-ffff00000069/location[39m
[35m[HTTP][39m [90m{}[39m
[35m[W3C (51b4ee09)][39m Driver proxy active, passing request on via HTTP proxy
[35m[WD Proxy][39m Replacing sessionId eead2369-523e-4712-8a71-93e66a0ea352 with 51b4ee09-055e-43ae-a4bd-ed4ca4267005
[35m[HTTP][39m [37m<-- GET /wd/hub/session/51b4ee09-055e-43ae-a4bd-ed4ca4267005/element/00000000-0000-08fe-ffff-ffff00000069/location [39m[32m200[39m [90m28 ms - 79[39m
[35m[HTTP][39m [90m[39m
[35m[HTTP][39m [37m-->[39m [37mPOST[39m [37m/wd/hub/session/51b4ee09-055e-43ae-a4bd-ed4ca4267005/elements[39m
[35m[HTTP][39m [90m{"using":"xpath","value":"//*[@class = 'android.widget.TextView' and (@text = 'Your Bag' or . = 'Your Bag')]"}[39m
[35m[HTTP][39m [37m<-- POST /wd/hub/session/51b4ee09-055e-43ae-a4bd-ed4ca4267005/elements [39m[32m200[39m [90m245 ms - 139[39m
[35m[HTTP][39m [90m[39m
[35m[HTTP][39m [37m-->[39m [37mGET[39m [37m/wd/hub/session/51b4ee09-055e-43ae-a4bd-ed4ca4267005/element/00000000-0000-08fe-ffff-ffff00000069/location[39m
[35m[HTTP][39m [90m{}[39m
[35m[W3C (51b4ee09)][39m Driver proxy active, passing request on via HTTP proxy
[35m[WD Proxy][39m Replacing sessionId eead2369-523e-4712-8a71-93e66a0ea352 with 51b4ee09-055e-43ae-a4bd-ed4ca4267005
[35m[HTTP][39m [37m<-- GET /wd/hub/session/51b4ee09-055e-43ae-a4bd-ed4ca4267005/element/00000000-0000-08fe-ffff-ffff00000069/location [39m[32m200[39m [90m37 ms - 79[39m
[35m[HTTP][39m [90m[39m
[35m[HTTP][39m [37m-->[39m [37mPOST[39m [37m/wd/hub/session/51b4ee09-055e-43ae-a4bd-ed4ca4267005/elements[39m
[35m[HTTP][39m [90m{"using":"xpath","value":"//*[@class = 'android.widget.TextView' and (@text = 'Your Bag' or . = 'Your Bag')]"}[39m
[35m[HTTP][39m [37m<-- POST /wd/hub/session/51b4ee09-055e-43ae-a4bd-ed4ca4267005/elements [39m[32m200[39m [90m225 ms - 139[39m
[35m[HTTP][39m [90m[39m
[35m[HTTP][39m [37m-->[39m [37mGET[39m [37m/wd/hub/session/51b4ee09-055e-43ae-a4bd-ed4ca4267005/element/00000000-0000-08fe-ffff-ffff00000069/location[39m
[35m[HTTP][39m [90m{}[39m
[35m[W3C (51b4ee09)][39m Driver proxy active, passing request on via HTTP proxy
[35m[WD Proxy][39m Replacing sessionId eead2369-523e-4712-8a71-93e66a0ea352 with 51b4ee09-055e-43ae-a4bd-ed4ca4267005
[35m[HTTP][39m [37m<-- GET /wd/hub/session/51b4ee09-055e-43ae-a4bd-ed4ca4267005/element/00000000-0000-08fe-ffff-ffff00000069/location [39m[32m200[39m [90m25 ms - 79[39m
[35m[HTTP][39m [90m[39m
[35m[HTTP][39m [37m-->[39m [37mPOST[39m [37m/wd/hub/session/51b4ee09-055e-43ae-a4bd-ed4ca4267005/elements[39m
[35m[HTTP][39m [90m{"using":"xpath","value":"//*[@class = 'android.widget.TextView' and (@text = 'Your Bag' or . = 'Your Bag')]"}[39m
[35m[HTTP][39m [37m<-- POST /wd/hub/session/51b4ee09-055e-43ae-a4bd-ed4ca4267005/elements [39m[32m200[39m [90m250 ms - 139[39m
[35m[HTTP][39m [90m[39m
[35m[HTTP][39m [37m-->[39m [37mGET[39m [37m/wd/hub/session/51b4ee09-055e-43ae-a4bd-ed4ca4267005/element/00000000-0000-08fe-ffff-ffff00000069/location[39m
[35m[HTTP][39m [90m{}[39m
[35m[W3C (51b4ee09)][39m Driver proxy active, passing request on via HTTP proxy
[35m[WD Proxy][39m Replacing sessionId eead2369-523e-4712-8a71-93e66a0ea352 with 51b4ee09-055e-43ae-a4bd-ed4ca4267005
[35m[HTTP][39m [37m<-- GET /wd/hub/session/51b4ee09-055e-43ae-a4bd-ed4ca4267005/element/00000000-0000-08fe-ffff-ffff00000069/location [39m[32m200[39m [90m36 ms - 79[39m
[35m[HTTP][39m [90m[39m
[35m[HTTP][39m [37m-->[39m [37mPOST[39m [37m/wd/hub/session/51b4ee09-055e-43ae-a4bd-ed4ca4267005/elements[39m
[35m[HTTP][39m [90m{"using":"xpath","value":"//*[@class = 'android.widget.TextView' and (@text = 'Your Bag' or . = 'Your Bag')]"}[39m
[35m[HTTP][39m [37m<-- POST /wd/hub/session/51b4ee09-055e-43ae-a4bd-ed4ca4267005/elements [39m[32m200[39m [90m248 ms - 139[39m
[35m[HTTP][39m [90m[39m
[35m[HTTP][39m [37m-->[39m [37mGET[39m [37m/wd/hub/session/51b4ee09-055e-43ae-a4bd-ed4ca4267005/element/00000000-0000-08fe-ffff-ffff00000069/location[39m
[35m[HTTP][39m [90m{}[39m
[35m[W3C (51b4ee09)][39m Driver proxy active, passing request on via HTTP proxy
[35m[WD Proxy][39m Replacing sessionId eead2369-523e-4712-8a71-93e66a0ea352 with 51b4ee09-055e-43ae-a4bd-ed4ca4267005
[35m[HTTP][39m [37m<-- GET /wd/hub/session/51b4ee09-055e-43ae-a4bd-ed4ca4267005/element/00000000-0000-08fe-ffff-ffff00000069/location [39m[32m200[39m [90m33 ms - 79[39m
[35m[HTTP][39m [90m[39m
[35m[HTTP][39m [37m-->[39m [37mPOST[39m [37m/wd/hub/session/51b4ee09-055e-43ae-a4bd-ed4ca4267005/elements[39m
[35m[HTTP][39m [90m{"using":"xpath","value":"//*[@class = 'android.widget.TextView' and (@text = 'Your Bag' or . = 'Your Bag')]"}[39m
[35m[HTTP][39m [37m<-- POST /wd/hub/session/51b4ee09-055e-43ae-a4bd-ed4ca4267005/elements [39m[32m200[39m [90m252 ms - 139[39m
[35m[HTTP][39m [90m[39m
[35m[HTTP][39m [37m-->[39m [37mGET[39m [37m/wd/hub/session/51b4ee09-055e-43ae-a4bd-ed4ca4267005/element/00000000-0000-08fe-ffff-ffff00000069/location[39m
[35m[HTTP][39m [90m{}[39m
[35m[W3C (51b4ee09)][39m Driver proxy active, passing request on via HTTP proxy
[35m[WD Proxy][39m Replacing sessionId eead2369-523e-4712-8a71-93e66a0ea352 with 51b4ee09-055e-43ae-a4bd-ed4ca4267005
[35m[HTTP][39m [37m<-- GET /wd/hub/session/51b4ee09-055e-43ae-a4bd-ed4ca4267005/element/00000000-0000-08fe-ffff-ffff00000069/location [39m[32m200[39m [90m38 ms - 79[39m
[35m[HTTP][39m [90m[39m
[35m[HTTP][39m [37m-->[39m [37mPOST[39m [37m/wd/hub/session/51b4ee09-055e-43ae-a4bd-ed4ca4267005/elements[39m
[35m[HTTP][39m [90m{"using":"xpath","value":"//*[@class = 'android.widget.TextView' and (@text = 'Your Bag' or . = 'Your Bag')]"}[39m
[35m[HTTP][39m [37m<-- POST /wd/hub/session/51b4ee09-055e-43ae-a4bd-ed4ca4267005/elements [39m[32m200[39m [90m253 ms - 139[39m
[35m[HTTP][39m [90m[39m
[35m[HTTP][39m [37m-->[39m [37mGET[39m [37m/wd/hub/session/51b4ee09-055e-43ae-a4bd-ed4ca4267005/element/00000000-0000-08fe-ffff-ffff00000069/location[39m
[35m[HTTP][39m [90m{}[39m
[35m[W3C (51b4ee09)][39m Driver proxy active, passing request on via HTTP proxy
[35m[WD Proxy][39m Replacing sessionId eead2369-523e-4712-8a71-93e66a0ea352 with 51b4ee09-055e-43ae-a4bd-ed4ca4267005
[35m[HTTP][39m [37m<-- GET /wd/hub/session/51b4ee09-055e-43ae-a4bd-ed4ca4267005/element/00000000-0000-08fe-ffff-ffff00000069/location [39m[32m200[39m [90m36 ms - 79[39m
[35m[HTTP][39m [90m[39m
[35m[HTTP][39m [37m-->[39m [37mPOST[39m [37m/wd/hub/session/51b4ee09-055e-43ae-a4bd-ed4ca4267005/elements[39m
[35m[HTTP][39m [90m{"using":"xpath","value":"//*[@class = 'android.widget.TextView' and (@text = 'Your Bag' or . = 'Your Bag')]"}[39m
[35m[HTTP][39m [37m<-- POST /wd/hub/session/51b4ee09-055e-43ae-a4bd-ed4ca4267005/elements [39m[32m200[39m [90m248 ms - 139[39m
[35m[HTTP][39m [90m[39m
[35m[HTTP][39m [37m-->[39m [37mGET[39m [37m/wd/hub/session/51b4ee09-055e-43ae-a4bd-ed4ca4267005/element/00000000-0000-08fe-ffff-ffff00000069/location[39m
[35m[HTTP][39m [90m{}[39m
[35m[W3C (51b4ee09)][39m Driver proxy active, passing request on via HTTP proxy
[35m[WD Proxy][39m Replacing sessionId eead2369-523e-4712-8a71-93e66a0ea352 with 51b4ee09-055e-43ae-a4bd-ed4ca4267005
[35m[HTTP][39m [37m<-- GET /wd/hub/session/51b4ee09-055e-43ae-a4bd-ed4ca4267005/element/00000000-0000-08fe-ffff-ffff00000069/location [39m[32m200[39m [90m31 ms - 79[39m
[35m[HTTP][39m [90m[39m
[35m[HTTP][39m [37m-->[39m [37mPOST[39m [37m/wd/hub/session/51b4ee09-055e-43ae-a4bd-ed4ca4267005/elements[39m
[35m[HTTP][39m [90m{"using":"xpath","value":"//*[@class = 'android.widget.TextView' and (@text = 'Your Bag' or . = 'Your Bag')]"}[39m
[35m[HTTP][39m [37m<-- POST /wd/hub/session/51b4ee09-055e-43ae-a4bd-ed4ca4267005/elements [39m[32m200[39m [90m225 ms - 139[39m
[35m[HTTP][39m [90m[39m
[35m[HTTP][39m [37m-->[39m [37mGET[39m [37m/wd/hub/session/51b4ee09-055e-43ae-a4bd-ed4ca4267005/element/00000000-0000-08fe-ffff-ffff00000069/location[39m
[35m[HTTP][39m [90m{}[39m
[35m[W3C (51b4ee09)][39m Driver proxy active, passing request on via HTTP proxy
[35m[WD Proxy][39m Replacing sessionId eead2369-523e-4712-8a71-93e66a0ea352 with 51b4ee09-055e-43ae-a4bd-ed4ca4267005
[35m[HTTP][39m [37m<-- GET /wd/hub/session/51b4ee09-055e-43ae-a4bd-ed4ca4267005/element/00000000-0000-08fe-ffff-ffff00000069/location [39m[32m200[39m [90m23 ms - 79[39m
[35m[HTTP][39m [90m[39m
[35m[HTTP][39m [37m-->[39m [37mPOST[39m [37m/wd/hub/session/51b4ee09-055e-43ae-a4bd-ed4ca4267005/elements[39m
[35m[HTTP][39m [90m{"using":"xpath","value":"//*[@class = 'android.widget.TextView' and (@text = 'Your Bag' or . = 'Your Bag')]"}[39m
[35m[HTTP][39m [37m<-- POST /wd/hub/session/51b4ee09-055e-43ae-a4bd-ed4ca4267005/elements [39m[32m200[39m [90m222 ms - 139[39m
[35m[HTTP][39m [90m[39m
[35m[HTTP][39m [37m-->[39m [37mGET[39m [37m/wd/hub/session/51b4ee09-055e-43ae-a4bd-ed4ca4267005/element/00000000-0000-08fe-ffff-ffff00000069/location[39m
[35m[HTTP][39m [90m{}[39m
[35m[W3C (51b4ee09)][39m Driver proxy active, passing request on via HTTP proxy
[35m[WD Proxy][39m Replacing sessionId eead2369-523e-4712-8a71-93e66a0ea352 with 51b4ee09-055e-43ae-a4bd-ed4ca4267005
[35m[HTTP][39m [37m<-- GET /wd/hub/session/51b4ee09-055e-43ae-a4bd-ed4ca4267005/element/00000000-0000-08fe-ffff-ffff00000069/location [39m[32m200[39m [90m31 ms - 79[39m
[35m[HTTP][39m [90m[39m
[35m[HTTP][39m [37m-->[39m [37mPOST[39m [37m/wd/hub/session/51b4ee09-055e-43ae-a4bd-ed4ca4267005/elements[39m
[35m[HTTP][39m [90m{"using":"xpath","value":"//*[@class = 'android.widget.TextView' and (@text = 'Your Bag' or . = 'Your Bag')]"}[39m
[35m[HTTP][39m [37m<-- POST /wd/hub/session/51b4ee09-055e-43ae-a4bd-ed4ca4267005/elements [39m[32m200[39m [90m228 ms - 139[39m
[35m[HTTP][39m [90m[39m
[35m[HTTP][39m [37m-->[39m [37mGET[39m [37m/wd/hub/session/51b4ee09-055e-43ae-a4bd-ed4ca4267005/element/00000000-0000-08fe-ffff-ffff00000069/location[39m
[35m[HTTP][39m [90m{}[39m
[35m[W3C (51b4ee09)][39m Driver proxy active, passing request on via HTTP proxy
[35m[WD Proxy][39m Replacing sessionId eead2369-523e-4712-8a71-93e66a0ea352 with 51b4ee09-055e-43ae-a4bd-ed4ca4267005
[35m[HTTP][39m [37m<-- GET /wd/hub/session/51b4ee09-055e-43ae-a4bd-ed4ca4267005/element/00000000-0000-08fe-ffff-ffff00000069/location [39m[32m200[39m [90m33 ms - 79[39m
[35m[HTTP][39m [90m[39m
[35m[HTTP][39m [37m-->[39m [37mPOST[39m [37m/wd/hub/session/51b4ee09-055e-43ae-a4bd-ed4ca4267005/elements[39m
[35m[HTTP][39m [90m{"using":"xpath","value":"//*[@class = 'android.widget.TextView' and (@text = 'Your Bag' or . = 'Your Bag')]"}[39m
[35m[HTTP][39m [37m<-- POST /wd/hub/session/51b4ee09-055e-43ae-a4bd-ed4ca4267005/elements [39m[32m200[39m [90m196 ms - 139[39m
[35m[HTTP][39m [90m[39m
[35m[HTTP][39m [37m-->[39m [37mGET[39m [37m/wd/hub/session/51b4ee09-055e-43ae-a4bd-ed4ca4267005/element/00000000-0000-08fe-ffff-ffff00000069/location[39m
[35m[HTTP][39m [90m{}[39m
[35m[W3C (51b4ee09)][39m Driver proxy active, passing request on via HTTP proxy
[35m[WD Proxy][39m Replacing sessionId eead2369-523e-4712-8a71-93e66a0ea352 with 51b4ee09-055e-43ae-a4bd-ed4ca4267005
[35m[HTTP][39m [37m<-- GET /wd/hub/session/51b4ee09-055e-43ae-a4bd-ed4ca4267005/element/00000000-0000-08fe-ffff-ffff00000069/location [39m[32m200[39m [90m378 ms - 79[39m
[35m[HTTP][39m [90m[39m
[35m[HTTP][39m [37m-->[39m [37mPOST[39m [37m/wd/hub/session/51b4ee09-055e-43ae-a4bd-ed4ca4267005/elements[39m
[35m[HTTP][39m [90m{"using":"xpath","value":"//*[@class = 'android.widget.TextView' and (@text = 'Your Bag' or . = 'Your Bag')]"}[39m
[35m[HTTP][39m [37m<-- POST /wd/hub/session/51b4ee09-055e-43ae-a4bd-ed4ca4267005/elements [39m[32m200[39m [90m239 ms - 139[39m
[35m[HTTP][39m [90m[39m
[35m[HTTP][39m [37m-->[39m [37mGET[39m [37m/wd/hub/session/51b4ee09-055e-43ae-a4bd-ed4ca4267005/element/00000000-0000-08fe-ffff-ffff00000069/location[39m
[35m[HTTP][39m [90m{}[39m
[35m[W3C (51b4ee09)][39m Driver proxy active, passing request on via HTTP proxy
[35m[WD Proxy][39m Replacing sessionId eead2369-523e-4712-8a71-93e66a0ea352 with 51b4ee09-055e-43ae-a4bd-ed4ca4267005
[35m[HTTP][39m [37m<-- GET /wd/hub/session/51b4ee09-055e-43ae-a4bd-ed4ca4267005/element/00000000-0000-08fe-ffff-ffff00000069/location [39m[32m200[39m [90m30 ms - 79[39m
[35m[HTTP][39m [90m[39m
[35m[HTTP][39m [37m-->[39m [37mPOST[39m [37m/wd/hub/session/51b4ee09-055e-43ae-a4bd-ed4ca4267005/elements[39m
[35m[HTTP][39m [90m{"using":"xpath","value":"//*[@class = 'android.widget.TextView' and (@text = 'Your Bag' or . = 'Your Bag')]"}[39m
[35m[HTTP][39m [37m<-- POST /wd/hub/session/51b4ee09-055e-43ae-a4bd-ed4ca4267005/elements [39m[32m200[39m [90m226 ms - 139[39m
[35m[HTTP][39m [90m[39m
[35m[HTTP][39m [37m-->[39m [37mGET[39m [37m/wd/hub/session/51b4ee09-055e-43ae-a4bd-ed4ca4267005/element/00000000-0000-08fe-ffff-ffff00000069/location[39m
[35m[HTTP][39m [90m{}[39m
[35m[W3C (51b4ee09)][39m Driver proxy active, passing request on via HTTP proxy
[35m[WD Proxy][39m Replacing sessionId eead2369-523e-4712-8a71-93e66a0ea352 with 51b4ee09-055e-43ae-a4bd-ed4ca4267005
[35m[HTTP][39m [37m<-- GET /wd/hub/session/51b4ee09-055e-43ae-a4bd-ed4ca4267005/element/00000000-0000-08fe-ffff-ffff00000069/location [39m[32m200[39m [90m34 ms - 79[39m
[35m[HTTP][39m [90m[39m
[35m[HTTP][39m [37m-->[39m [37mPOST[39m [37m/wd/hub/session/51b4ee09-055e-43ae-a4bd-ed4ca4267005/elements[39m
[35m[HTTP][39m [90m{"using":"xpath","value":"//*[@class = 'android.widget.TextView' and (@text = 'Your Bag' or . = 'Your Bag')]"}[39m
[35m[HTTP][39m [37m<-- POST /wd/hub/session/51b4ee09-055e-43ae-a4bd-ed4ca4267005/elements [39m[32m200[39m [90m197 ms - 139[39m
[35m[HTTP][39m [90m[39m
[35m[HTTP][39m [37m-->[39m [37mGET[39m [37m/wd/hub/session/51b4ee09-055e-43ae-a4bd-ed4ca4267005/element/00000000-0000-08fe-ffff-ffff00000069/location[39m
[35m[HTTP][39m [90m{}[39m
[35m[W3C (51b4ee09)][39m Driver proxy active, passing request on via HTTP proxy
[35m[WD Proxy][39m Replacing sessionId eead2369-523e-4712-8a71-93e66a0ea352 with 51b4ee09-055e-43ae-a4bd-ed4ca4267005
[35m[HTTP][39m [37m<-- GET /wd/hub/session/51b4ee09-055e-43ae-a4bd-ed4ca4267005/element/00000000-0000-08fe-ffff-ffff00000069/location [39m[32m200[39m [90m33 ms - 79[39m
[35m[HTTP][39m [90m[39m
[35m[HTTP][39m [37m-->[39m [37mPOST[39m [37m/wd/hub/session/51b4ee09-055e-43ae-a4bd-ed4ca4267005/elements[39m
[35m[HTTP][39m [90m{"using":"xpath","value":"//*[@class = 'android.widget.TextView' and (@text = 'Your Bag' or . = 'Your Bag')]"}[39m
[35m[HTTP][39m [37m<-- POST /wd/hub/session/51b4ee09-055e-43ae-a4bd-ed4ca4267005/elements [39m[32m200[39m [90m235 ms - 139[39m
[35m[HTTP][39m [90m[39m
[35m[HTTP][39m [37m-->[39m [37mGET[39m [37m/wd/hub/session/51b4ee09-055e-43ae-a4bd-ed4ca4267005/element/00000000-0000-08fe-ffff-ffff00000069/location[39m
[35m[HTTP][39m [90m{}[39m
[35m[W3C (51b4ee09)][39m Driver proxy active, passing request on via HTTP proxy
[35m[WD Proxy][39m Replacing sessionId eead2369-523e-4712-8a71-93e66a0ea352 with 51b4ee09-055e-43ae-a4bd-ed4ca4267005
[35m[HTTP][39m [37m<-- GET /wd/hub/session/51b4ee09-055e-43ae-a4bd-ed4ca4267005/element/00000000-0000-08fe-ffff-ffff00000069/location [39m[32m200[39m [90m31 ms - 79[39m
[35m[HTTP][39m [90m[39m
[35m[HTTP][39m [37m-->[39m [37mPOST[39m [37m/wd/hub/session/51b4ee09-055e-43ae-a4bd-ed4ca4267005/elements[39m
[35m[HTTP][39m [90m{"using":"xpath","value":"//*[@class = 'android.widget.TextView' and (@text = 'Your Bag' or . = 'Your Bag')]"}[39m
[35m[HTTP][39m [37m<-- POST /wd/hub/session/51b4ee09-055e-43ae-a4bd-ed4ca4267005/elements [39m[32m200[39m [90m231 ms - 139[39m
[35m[HTTP][39m [90m[39m
[35m[HTTP][39m [37m-->[39m [37mGET[39m [37m/wd/hub/session/51b4ee09-055e-43ae-a4bd-ed4ca4267005/element/00000000-0000-08fe-ffff-ffff00000069/location[39m
[35m[HTTP][39m [90m{}[39m
[35m[W3C (51b4ee09)][39m Driver proxy active, passing request on via HTTP proxy
[35m[WD Proxy][39m Replacing sessionId eead2369-523e-4712-8a71-93e66a0ea352 with 51b4ee09-055e-43ae-a4bd-ed4ca4267005
[35m[HTTP][39m [37m<-- GET /wd/hub/session/51b4ee09-055e-43ae-a4bd-ed4ca4267005/element/00000000-0000-08fe-ffff-ffff00000069/location [39m[32m200[39m [90m36 ms - 79[39m
[35m[HTTP][39m [90m[39m
[35m[HTTP][39m [37m-->[39m [37mPOST[39m [37m/wd/hub/session/51b4ee09-055e-43ae-a4bd-ed4ca4267005/elements[39m
[35m[HTTP][39m [90m{"using":"xpath","value":"//*[@class = 'android.widget.TextView' and (@text = 'Your Bag' or . = 'Your Bag')]"}[39m
[35m[HTTP][39m [37m<-- POST /wd/hub/session/51b4ee09-055e-43ae-a4bd-ed4ca4267005/elements [39m[32m200[39m [90m226 ms - 139[39m
[35m[HTTP][39m [90m[39m
[35m[HTTP][39m [37m-->[39m [37mGET[39m [37m/wd/hub/session/51b4ee09-055e-43ae-a4bd-ed4ca4267005/element/00000000-0000-08fe-ffff-ffff00000069/location[39m
[35m[HTTP][39m [90m{}[39m
[35m[W3C (51b4ee09)][39m Driver proxy active, passing request on via HTTP proxy
[35m[WD Proxy][39m Replacing sessionId eead2369-523e-4712-8a71-93e66a0ea352 with 51b4ee09-055e-43ae-a4bd-ed4ca4267005
[35m[HTTP][39m [37m<-- GET /wd/hub/session/51b4ee09-055e-43ae-a4bd-ed4ca4267005/element/00000000-0000-08fe-ffff-ffff00000069/location [39m[32m200[39m [90m31 ms - 79[39m
[35m[HTTP][39m [90m[39m
[35m[HTTP][39m [37m-->[39m [37mPOST[39m [37m/wd/hub/session/51b4ee09-055e-43ae-a4bd-ed4ca4267005/elements[39m
[35m[HTTP][39m [90m{"using":"xpath","value":"//*[@class = 'android.widget.TextView' and (@text = 'Your Bag' or . = 'Your Bag')]"}[39m
[35m[HTTP][39m [37m<-- POST /wd/hub/session/51b4ee09-055e-43ae-a4bd-ed4ca4267005/elements [39m[32m200[39m [90m204 ms - 139[39m
[35m[HTTP][39m [90m[39m
[35m[HTTP][39m [37m-->[39m [37mGET[39m [37m/wd/hub/session/51b4ee09-055e-43ae-a4bd-ed4ca4267005/element/00000000-0000-08fe-ffff-ffff00000069/location[39m
[35m[HTTP][39m [90m{}[39m
[35m[W3C (51b4ee09)][39m Driver proxy active, passing request on via HTTP proxy
[35m[WD Proxy][39m Replacing sessionId eead2369-523e-4712-8a71-93e66a0ea352 with 51b4ee09-055e-43ae-a4bd-ed4ca4267005
[35m[HTTP][39m [37m<-- GET /wd/hub/session/51b4ee09-055e-43ae-a4bd-ed4ca4267005/element/00000000-0000-08fe-ffff-ffff00000069/location [39m[32m200[39m [90m31 ms - 79[39m
[35m[HTTP][39m [90m[39m
[35m[HTTP][39m [37m-->[39m [37mPOST[39m [37m/wd/hub/session/51b4ee09-055e-43ae-a4bd-ed4ca4267005/elements[39m
[35m[HTTP][39m [90m{"using":"xpath","value":"//*[@class = 'android.widget.TextView' and (@text = 'Your Bag' or . = 'Your Bag')]"}[39m
[35m[HTTP][39m [37m<-- POST /wd/hub/session/51b4ee09-055e-43ae-a4bd-ed4ca4267005/elements [39m[32m200[39m [90m238 ms - 139[39m
[35m[HTTP][39m [90m[39m
[35m[HTTP][39m [37m-->[39m [37mGET[39m [37m/wd/hub/session/51b4ee09-055e-43ae-a4bd-ed4ca4267005/element/00000000-0000-08fe-ffff-ffff00000069/location[39m
[35m[HTTP][39m [90m{}[39m
[35m[W3C (51b4ee09)][39m Driver proxy active, passing request on via HTTP proxy
[35m[WD Proxy][39m Replacing sessionId eead2369-523e-4712-8a71-93e66a0ea352 with 51b4ee09-055e-43ae-a4bd-ed4ca4267005
[35m[HTTP][39m [37m<-- GET /wd/hub/session/51b4ee09-055e-43ae-a4bd-ed4ca4267005/element/00000000-0000-08fe-ffff-ffff00000069/location [39m[32m200[39m [90m34 ms - 79[39m
[35m[HTTP][39m [90m[39m
[35m[HTTP][39m [37m-->[39m [37mPOST[39m [37m/wd/hub/session/51b4ee09-055e-43ae-a4bd-ed4ca4267005/elements[39m
[35m[HTTP][39m [90m{"using":"xpath","value":"//*[@class = 'android.widget.TextView' and (@text = 'Your Bag' or . = 'Your Bag')]"}[39m
[35m[HTTP][39m [37m<-- POST /wd/hub/session/51b4ee09-055e-43ae-a4bd-ed4ca4267005/elements [39m[32m200[39m [90m238 ms - 139[39m
[35m[HTTP][39m [90m[39m
[35m[HTTP][39m [37m-->[39m [37mGET[39m [37m/wd/hub/session/51b4ee09-055e-43ae-a4bd-ed4ca4267005/element/00000000-0000-08fe-ffff-ffff00000069/location[39m
[35m[HTTP][39m [90m{}[39m
[35m[W3C (51b4ee09)][39m Driver proxy active, passing request on via HTTP proxy
[35m[WD Proxy][39m Replacing sessionId eead2369-523e-4712-8a71-93e66a0ea352 with 51b4ee09-055e-43ae-a4bd-ed4ca4267005
[35m[HTTP][39m [37m<-- GET /wd/hub/session/51b4ee09-055e-43ae-a4bd-ed4ca4267005/element/00000000-0000-08fe-ffff-ffff00000069/location [39m[32m200[39m [90m37 ms - 79[39m
[35m[HTTP][39m [90m[39m
[35m[HTTP][39m [37m-->[39m [37mPOST[39m [37m/wd/hub/session/51b4ee09-055e-43ae-a4bd-ed4ca4267005/elements[39m
[35m[HTTP][39m [90m{"using":"xpath","value":"//*[@class = 'android.widget.TextView' and (@text = 'Your Bag' or . = 'Your Bag')]"}[39m
[35m[HTTP][39m [37m<-- POST /wd/hub/session/51b4ee09-055e-43ae-a4bd-ed4ca4267005/elements [39m[32m200[39m [90m202 ms - 139[39m
[35m[HTTP][39m [90m[39m
[35m[HTTP][39m [37m-->[39m [37mGET[39m [37m/wd/hub/session/51b4ee09-055e-43ae-a4bd-ed4ca4267005/element/00000000-0000-08fe-ffff-ffff00000069/location[39m
[35m[HTTP][39m [90m{}[39m
[35m[W3C (51b4ee09)][39m Driver proxy active, passing request on via HTTP proxy
[35m[WD Proxy][39m Replacing sessionId eead2369-523e-4712-8a71-93e66a0ea352 with 51b4ee09-055e-43ae-a4bd-ed4ca4267005
[35m[HTTP][39m [37m<-- GET /wd/hub/session/51b4ee09-055e-43ae-a4bd-ed4ca4267005/element/00000000-0000-08fe-ffff-ffff00000069/location [39m[32m200[39m [90m28 ms - 79[39m
[35m[HTTP][39m [90m[39m
[35m[HTTP][39m [37m-->[39m [37mPOST[39m [37m/wd/hub/session/51b4ee09-055e-43ae-a4bd-ed4ca4267005/element/00000000-0000-08fe-ffff-ffff00000069/click[39m
[35m[HTTP][39m [90m{"id":"00000000-0000-08fe-ffff-ffff00000069"}[39m
[35m[HTTP][39m [37m<-- POST /wd/hub/session/51b4ee09-055e-43ae-a4bd-ed4ca4267005/element/00000000-0000-08fe-ffff-ffff00000069/click [39m[32m200[39m [90m60 ms - 14[39m
[35m[HTTP][39m [90m[39m
[35m[HTTP][39m [37m-->[39m [37mGET[39m [37m/wd/hub/session/51b4ee09-055e-43ae-a4bd-ed4ca4267005/source[39m
[35m[HTTP][39m [90m{}[39m
[35m[W3C (51b4ee09)][39m Driver proxy active, passing request on via HTTP proxy
[35m[WD Proxy][39m Replacing sessionId eead2369-523e-4712-8a71-93e66a0ea352 with 51b4ee09-055e-43ae-a4bd-ed4ca4267005
[35m[HTTP][39m [37m<-- GET /wd/hub/session/51b4ee09-055e-43ae-a4bd-ed4ca4267005/source [39m[32m200[39m [90m399 ms - 25412[39m
[35m[HTTP][39m [90m[39m
[35m[HTTP][39m [37m-->[39m [37mGET[39m [37m/wd/hub/session/51b4ee09-055e-43ae-a4bd-ed4ca4267005/screenshot[39m
[35m[HTTP][39m [90m{}[39m
[35m[HTTP][39m [37m<-- GET /wd/hub/session/51b4ee09-055e-43ae-a4bd-ed4ca4267005/screenshot [39m[32m200[39m [90m809 ms - 138294[39m
[35m[HTTP][39m [90m[39m
[35m[HTTP][39m [37m-->[39m [37mPOST[39m [37m/wd/hub/session/51b4ee09-055e-43ae-a4bd-ed4ca4267005/elements[39m
[35m[HTTP][39m [90m{"using":"xpath","value":"//*[@class = 'android.widget.TextView' and (@text = 'Checkout' or . = 'Checkout')]"}[39m
[35m[HTTP][39m [37m<-- POST /wd/hub/session/51b4ee09-055e-43ae-a4bd-ed4ca4267005/elements [39m[32m200[39m [90m236 ms - 139[39m
[35m[HTTP][39m [90m[39m
[35m[HTTP][39m [37m-->[39m [37mGET[39m [37m/wd/hub/session/51b4ee09-055e-43ae-a4bd-ed4ca4267005/window/rect[39m
[35m[HTTP][39m [90m{}[39m
[35m[HTTP][39m [37m<-- GET /wd/hub/session/51b4ee09-055e-43ae-a4bd-ed4ca4267005/window/rect [39m[32m200[39m [90m14 ms - 50[39m
[35m[HTTP][39m [90m[39m
[35m[HTTP][39m [37m-->[39m [37mPOST[39m [37m/wd/hub/session/51b4ee09-055e-43ae-a4bd-ed4ca4267005/elements[39m
[35m[HTTP][39m [90m{"using":"xpath","value":"//*[@class = 'android.widget.TextView' and (@text = 'Checkout' or . = 'Checkout')]"}[39m
[35m[HTTP][39m [37m<-- POST /wd/hub/session/51b4ee09-055e-43ae-a4bd-ed4ca4267005/elements [39m[32m200[39m [90m234 ms - 139[39m
[35m[HTTP][39m [90m[39m
[35m[HTTP][39m [37m-->[39m [37mGET[39m [37m/wd/hub/session/51b4ee09-055e-43ae-a4bd-ed4ca4267005/element/00000000-0000-08fe-ffff-ffff000001b4/location[39m
[35m[HTTP][39m [90m{}[39m
[35m[W3C (51b4ee09)][39m Driver proxy active, passing request on via HTTP proxy
[35m[WD Proxy][39m Replacing sessionId eead2369-523e-4712-8a71-93e66a0ea352 with 51b4ee09-055e-43ae-a4bd-ed4ca4267005
[35m[HTTP][39m [37m<-- GET /wd/hub/session/51b4ee09-055e-43ae-a4bd-ed4ca4267005/element/00000000-0000-08fe-ffff-ffff000001b4/location [39m[32m200[39m [90m40 ms - 78[39m
[35m[HTTP][39m [90m[39m
[35m[HTTP][39m [37m-->[39m [37mPOST[39m [37m/wd/hub/session/51b4ee09-055e-43ae-a4bd-ed4ca4267005/element/00000000-0000-08fe-ffff-ffff000001b4/click[39m
[35m[HTTP][39m [90m{"id":"00000000-0000-08fe-ffff-ffff000001b4"}[39m
[35m[HTTP][39m [37m<-- POST /wd/hub/session/51b4ee09-055e-43ae-a4bd-ed4ca4267005/element/00000000-0000-08fe-ffff-ffff000001b4/click [39m[32m200[39m [90m136 ms - 14[39m
[35m[HTTP][39m [90m[39m
[35m[HTTP][39m [37m-->[39m [37mGET[39m [37m/wd/hub/session/51b4ee09-055e-43ae-a4bd-ed4ca4267005/source[39m
[35m[HTTP][39m [90m{}[39m
[35m[W3C (51b4ee09)][39m Driver proxy active, passing request on via HTTP proxy
[35m[WD Proxy][39m Replacing sessionId eead2369-523e-4712-8a71-93e66a0ea352 with 51b4ee09-055e-43ae-a4bd-ed4ca4267005
[35m[HTTP][39m [37m<-- GET /wd/hub/session/51b4ee09-055e-43ae-a4bd-ed4ca4267005/source [39m[32m200[39m [90m827 ms - 13265[39m
[35m[HTTP][39m [90m[39m
[35m[HTTP][39m [37m-->[39m [37mGET[39m [37m/wd/hub/session/51b4ee09-055e-43ae-a4bd-ed4ca4267005/screenshot[39m
[35m[HTTP][39m [90m{}[39m
[35m[HTTP][39m [37m<-- GET /wd/hub/session/51b4ee09-055e-43ae-a4bd-ed4ca4267005/screenshot [39m[32m200[39m [90m503 ms - 154346[39m
[35m[HTTP][39m [90m[39m
[35m[HTTP][39m [37m-->[39m [37mGET[39m [37m/wd/hub/session/51b4ee09-055e-43ae-a4bd-ed4ca4267005/source[39m
[35m[HTTP][39m [90m{}[39m
[35m[W3C (51b4ee09)][39m Driver proxy active, passing request on via HTTP proxy
[35m[WD Proxy][39m Replacing sessionId eead2369-523e-4712-8a71-93e66a0ea352 with 51b4ee09-055e-43ae-a4bd-ed4ca4267005
[35m[HTTP][39m [37m<-- GET /wd/hub/session/51b4ee09-055e-43ae-a4bd-ed4ca4267005/source [39m[32m200[39m [90m532 ms - 42050[39m
[35m[HTTP][39m [90m[39m
[35m[HTTP][39m [37m-->[39m [37mGET[39m [37m/wd/hub/session/51b4ee09-055e-43ae-a4bd-ed4ca4267005/screenshot[39m
[35m[HTTP][39m [90m{}[39m
[35m[HTTP][39m [37m<-- GET /wd/hub/session/51b4ee09-055e-43ae-a4bd-ed4ca4267005/screenshot [39m[32m200[39m [90m973 ms - 387352[39m
[35m[HTTP][39m [90m[39m
[35m[HTTP][39m [37m-->[39m [37mPOST[39m [37m/wd/hub/session/51b4ee09-055e-43ae-a4bd-ed4ca4267005/elements[39m
[35m[HTTP][39m [90m{"using":"xpath","value":"//*[@class = 'android.widget.TextView' and (@text = 'If you have any inquiries or updates pls whatsap us at 94617563. ' or . = 'If you have any inquiries or updates pls whatsap us at 94617563. ')]"}[39m
[35m[HTTP][39m [37m<-- POST /wd/hub/session/51b4ee09-055e-43ae-a4bd-ed4ca4267005/elements [39m[32m200[39m [90m328 ms - 139[39m
[35m[HTTP][39m [90m[39m
[35m[HTTP][39m [37m-->[39m [37mGET[39m [37m/wd/hub/session/51b4ee09-055e-43ae-a4bd-ed4ca4267005/window/rect[39m
[35m[HTTP][39m [90m{}[39m
[35m[HTTP][39m [37m<-- GET /wd/hub/session/51b4ee09-055e-43ae-a4bd-ed4ca4267005/window/rect [39m[32m200[39m [90m10 ms - 50[39m
[35m[HTTP][39m [90m[39m
[35m[HTTP][39m [37m-->[39m [37mPOST[39m [37m/wd/hub/session/51b4ee09-055e-43ae-a4bd-ed4ca4267005/elements[39m
[35m[HTTP][39m [90m{"using":"xpath","value":"//*[@class = 'android.widget.TextView' and (@text = 'If you have any inquiries or updates pls whatsap us at 94617563. ' or . = 'If you have any inquiries or updates pls whatsap us at 94617563. ')]"}[39m
[35m[HTTP][39m [37m<-- POST /wd/hub/session/51b4ee09-055e-43ae-a4bd-ed4ca4267005/elements [39m[32m200[39m [90m266 ms - 139[39m
[35m[HTTP][39m [90m[39m
[35m[HTTP][39m [37m-->[39m [37mGET[39m [37m/wd/hub/session/51b4ee09-055e-43ae-a4bd-ed4ca4267005/element/00000000-0000-0901-0000-02170000005d/location[39m
[35m[HTTP][39m [90m{}[39m
[35m[W3C (51b4ee09)][39m Driver proxy active, passing request on via HTTP proxy
[35m[WD Proxy][39m Replacing sessionId eead2369-523e-4712-8a71-93e66a0ea352 with 51b4ee09-055e-43ae-a4bd-ed4ca4267005
[35m[HTTP][39m [37m<-- GET /wd/hub/session/51b4ee09-055e-43ae-a4bd-ed4ca4267005/element/00000000-0000-0901-0000-02170000005d/location [39m[32m200[39m [90m28 ms - 77[39m
[35m[HTTP][39m [90m[39m
[35m[HTTP][39m [37m-->[39m [37mGET[39m [37m/wd/hub/session/51b4ee09-055e-43ae-a4bd-ed4ca4267005/element/00000000-0000-0901-0000-02170000005d/text[39m
[35m[HTTP][39m [90m{}[39m
[35m[W3C (51b4ee09)][39m Driver proxy active, passing request on via HTTP proxy
[35m[WD Proxy][39m Replacing sessionId eead2369-523e-4712-8a71-93e66a0ea352 with 51b4ee09-055e-43ae-a4bd-ed4ca4267005
[35m[HTTP][39m [37m<-- GET /wd/hub/session/51b4ee09-055e-43ae-a4bd-ed4ca4267005/element/00000000-0000-0901-0000-02170000005d/text [39m[32m200[39m [90m21 ms - 129[39m
[35m[HTTP][39m [90m[39m
[35m[HTTP][39m [37m-->[39m [37mGET[39m [37m/wd/hub/session/51b4ee09-055e-43ae-a4bd-ed4ca4267005/source[39m
[35m[HTTP][39m [90m{}[39m
[35m[W3C (51b4ee09)][39m Driver proxy active, passing request on via HTTP proxy
[35m[WD Proxy][39m Replacing sessionId eead2369-523e-4712-8a71-93e66a0ea352 with 51b4ee09-055e-43ae-a4bd-ed4ca4267005
[35m[HTTP][39m [37m<-- GET /wd/hub/session/51b4ee09-055e-43ae-a4bd-ed4ca4267005/source [39m[32m200[39m [90m369 ms - 42050[39m
[35m[HTTP][39m [90m[39m
[35m[HTTP][39m [37m-->[39m [37mGET[39m [37m/wd/hub/session/51b4ee09-055e-43ae-a4bd-ed4ca4267005/screenshot[39m
[35m[HTTP][39m [90m{}[39m
[35m[HTTP][39m [37m<-- GET /wd/hub/session/51b4ee09-055e-43ae-a4bd-ed4ca4267005/screenshot [39m[32m200[39m [90m876 ms - 381700[39m
[35m[HTTP][39m [90m[39m
[35m[HTTP][39m [37m-->[39m [37mDELETE[39m [37m/wd/hub/session/51b4ee09-055e-43ae-a4bd-ed4ca4267005[39m
[35m[HTTP][39m [90m{}[39m
[35m[Appium][39m Removing session 51b4ee09-055e-43ae-a4bd-ed4ca4267005 from our master session list
[35m[UiAutomator2][39m Restoring hidden api policy to the device default configuration
[35m[HTTP][39m [37m<-- DELETE /wd/hub/session/51b4ee09-055e-43ae-a4bd-ed4ca4267005 [39m[32m200[39m [90m645 ms - 14[39m
[35m[HTTP][39m [90m[39m
